<?xml version="1.0" encoding="UTF-8"?>
<!-- Generated by org.testng.reporters.JUnitXMLReporter -->
<testsuite ignored="0" hostname="DESKTOP-L6N98KA" failures="0" tests="15" name="Default test" time="153.045" errors="0" timestamp="2023-03-06T10:21:09 EST">
  <testcase classname="com.das.validation.LoginTest" name="validateCartpage" time="41.858"/>
  <testcase classname="com.das.validation.LoginTest" name="validateCartpage" time="32.7"/>
  <testcase classname="com.das.validation.LoginTest" name="validateCartpage" time="54.048"/>
  <testcase classname="com.das.validation.LoginTest" name="validateCartpage" time="44.52"/>
  <testcase classname="com.das.validation.LoginTest" name="validateCartpage" time="48.985"/>
  <testcase classname="com.das.validation.LoginTest" name="validateCartpage" time="55.664"/>
  <testcase classname="com.das.validation.LoginTest" name="validateCartpage" time="53.217"/>
  <testcase classname="com.das.validation.LoginTest" name="validateCartpage" time="52.231"/>
  <testcase classname="com.das.validation.LoginTest" name="validateCartpage" time="52.501"/>
  <testcase classname="com.das.validation.LoginTest" name="validateCartpage" time="63.751"/>
  <testcase classname="com.das.validation.LoginTest" name="validateCartpage" time="14.74"/>
  <testcase classname="com.das.validation.LoginTest" name="validateCartpage" time="9.063"/>
  <testcase classname="com.das.validation.LoginTest" name="validateCartpage" time="4.72"/>
  <testcase classname="com.das.validation.LoginTest" name="validateCartpage" time="5.951"/>
  <testcase classname="com.das.validation.LoginTest" name="validateCartpage" time="5.215"/>
</testsuite> <!-- Default test -->
